<?xml version="1.0" encoding="UTF-8"?>
<testsuite name="InventoryAggregationServiceUp.TestSuite 1" tests="2" failures="2" errors="0" time="0.378"><properties><property name="java.runtime.name" value="Java(TM) SE Runtime Environment"/><property name="sun.boot.library.path" value="C:\Program Files (x86)\Java\jre6\bin"/><property name="java.vm.version" value="16.3-b01"/><property name="java.vm.vendor" value="Sun Microsystems Inc."/><property name="java.vendor.url" value="http://java.sun.com/"/><property name="guice.disable.misplaced.annotation.check" value="true"/><property name="path.separator" value=";"/><property name="java.vm.name" value="Java HotSpot(TM) Client VM"/><property name="file.encoding.pkg" value="sun.io"/><property name="sun.java.launcher" value="SUN_STANDARD"/><property name="user.country" value="US"/><property name="sun.os.patch.level" value="Service Pack 1"/><property name="java.vm.specification.name" value="Java Virtual Machine Specification"/><property name="user.dir" value="C:\workspace\SoapUI\soapUIAutomation"/><property name="java.runtime.version" value="1.6.0_20-b02"/><property name="java.awt.graphicsenv" value="sun.awt.Win32GraphicsEnvironment"/><property name="java.endorsed.dirs" value="C:\Program Files (x86)\Java\jre6\lib\endorsed"/><property name="os.arch" value="x86"/><property name="java.io.tmpdir" value="C:\Users\IBM_AD~1\AppData\Local\Temp\"/><property name="line.separator" value="
"/><property name="java.vm.specification.vendor" value="Sun Microsystems Inc."/><property name="user.variant" value=""/><property name="os.name" value="Windows 7"/><property name="classworlds.conf" value="C:\workspace\SoapUI\.metadata\.plugins\org.eclipse.m2e.launching\launches\m2conf8283378111051334496.tmp"/><property name="sun.jnu.encoding" value="Cp1252"/><property name="java.library.path" value="C:\Program Files (x86)\Java\jre6\bin;.;C:\windows\Sun\Java\bin;C:\windows\system32;C:\windows;C:/Program Files (x86)/Java/jre6/bin/client;C:/Program Files (x86)/Java/jre6/bin;C:/Program Files (x86)/Java/jre6/lib/i386;C:\Program Files (x86)\RSA SecurID Token Common;C:\windows\system32;C:\windows;C:\windows\System32\Wbem;C:\windows\System32\WindowsPowerShell\v1.0\;C:\Program Files (x86)\IBM\Personal Communications\;C:\Program Files (x86)\IBM\Trace Facility\;C:\Program Files (x86)\Common Files\Roxio Shared\DLLShared\;C:\Program Files (x86)\Common Files\Roxio Shared\DLLShared\;C:\Program Files (x86)\Common Files\Roxio Shared\13.0\DLLShared\;C:\EDBTeam\apache-tomcat-5.5.31\bin;C:\Users\IBM_ADMIN\Desktop\shashank_temp\BATCH;C:\Java\jdk1.6.0_17\bin;C:\tools\apache-maven-3.2.5\bin;C:\tools\eclipse;"/><property name="java.specification.name" value="Java Platform API Specification"/><property name="java.class.version" value="50.0"/><property name="sun.management.compiler" value="HotSpot Client Compiler"/><property name="os.version" value="6.1"/><property name="user.home" value="C:\Users\IBM_ADMIN"/><property name="user.timezone" value="Asia/Calcutta"/><property name="java.awt.printerjob" value="sun.awt.windows.WPrinterJob"/><property name="file.encoding" value="Cp1252"/><property name="java.specification.version" value="1.6"/><property name="java.class.path" value="/C:/tools/eclipse/configuration/org.eclipse.osgi/bundles/535/1/.cp/jars/plexus-classworlds-2.4.jar"/><property name="user.name" value="vguruviah"/><property name="java.vm.specification.version" value="1.0"/><property name="java.home" value="C:\Program Files (x86)\Java\jre6"/><property name="sun.arch.data.model" value="32"/><property name="user.language" value="en"/><property name="java.specification.vendor" value="Sun Microsystems Inc."/><property name="awt.toolkit" value="sun.awt.windows.WToolkit"/><property name="java.vm.info" value="mixed mode, sharing"/><property name="java.version" value="1.6.0_20"/><property name="java.ext.dirs" value="C:\Program Files (x86)\Java\jre6\lib\ext;C:\windows\Sun\Java\lib\ext"/><property name="sun.boot.class.path" value="C:\Program Files (x86)\Java\jre6\lib\resources.jar;C:\Program Files (x86)\Java\jre6\lib\rt.jar;C:\Program Files (x86)\Java\jre6\lib\sunrsasign.jar;C:\Program Files (x86)\Java\jre6\lib\jsse.jar;C:\Program Files (x86)\Java\jre6\lib\jce.jar;C:\Program Files (x86)\Java\jre6\lib\charsets.jar;C:\Program Files (x86)\Java\jre6\classes"/><property name="java.vendor" value="Sun Microsystems Inc."/><property name="maven.home" value="C:\workspace\SoapUI\soapUIAutomation\EMBEDDED"/><property name="file.separator" value="\"/><property name="java.vendor.url.bug" value="http://java.sun.com/cgi-bin/bugreport.cgi"/><property name="maven.bootclasspath" value="/C:/tools/eclipse/configuration/org.eclipse.osgi/bundles/535/1/.cp/jars/plexus-classworlds-2.4.jar"/><property name="sun.io.unicode.encoding" value="UnicodeLittle"/><property name="sun.cpu.endian" value="little"/><property name="sun.desktop" value="windows"/><property name="sun.cpu.isalist" value="pentium_pro+mmx pentium_pro pentium+mmx pentium i486 i386 i86"/></properties><testcase name="TestCase 1" time="0.376"><failure type="Cancelling due to failed test step" message="Cancelling due to failed test step"><![CDATA[<h3><b>getCustomerAssetDetail - Request 1 Failed</b></h3><pre>java.net.UnknownHostException: zlt03023.vci.att.com
</pre><hr/>]]></failure></testcase><testcase name="TestCase 2" time="0.0020"><failure type="Cancelling due to failed test step" message="Cancelling due to failed test step"><![CDATA[<h3><b>SOAP Request Failed</b></h3><pre>org.apache.xmlbeans.impl.values.XmlValueOutOfRangeException: string value 'No Authorization' is not a valid enumeration value for type of authType element in Credentials in namespace http://eviware.com/soapui/config
</pre><hr/>]]></failure></testcase></testsuite>